<?xml version="1.0" encoding="UTF-8"?>
<testng-results skipped="0" failed="1" ignored="0" total="2" passed="1">
  <reporter-output>
  </reporter-output>
  <suite name="Default suite" duration-ms="22606" started-at="2021-10-27T17:10:53 BDT" finished-at="2021-10-27T17:11:16 BDT">
    <groups>
    </groups>
    <test name="Default test" duration-ms="22606" started-at="2021-10-27T17:10:53 BDT" finished-at="2021-10-27T17:11:16 BDT">
      <class name="com.FalconTalk.CabinModeConfiguration.VerifyCabinDevice">
        <test-method status="PASS" signature="setup()[pri:0, instance:com.FalconTalk.CabinModeConfiguration.VerifyCabinDevice@6e4784bc]" name="setup" is-config="true" duration-ms="14883" started-at="2021-10-27T17:10:53 BDT" finished-at="2021-10-27T17:11:08 BDT">
          <reporter-output>
          </reporter-output>
        </test-method> <!-- setup -->
        <test-method status="FAIL" signature="CabinAccountNameInKeypadTest()[pri:1, instance:com.FalconTalk.CabinModeConfiguration.VerifyCabinDevice@6e4784bc]" name="CabinAccountNameInKeypadTest" duration-ms="6829" started-at="2021-10-27T17:11:08 BDT" description="Verify if successful Auto discovered cabin Account is showing in KEYPAD module header" finished-at="2021-10-27T17:11:15 BDT">
          <exception class="java.lang.AssertionError">
            <message>
              <![CDATA[Wrong profile name show expected [Not Ready] but found [Axxess]]]>
            </message>
            <full-stacktrace>
              <![CDATA[java.lang.AssertionError: Wrong profile name show expected [Not Ready] but found [Axxess]
at org.testng.Assert.fail(Assert.java:99)
at org.testng.Assert.failNotEquals(Assert.java:1037)
at org.testng.Assert.assertEqualsImpl(Assert.java:140)
at org.testng.Assert.assertEquals(Assert.java:122)
at org.testng.Assert.assertEquals(Assert.java:629)
at com.FalconTalk.CabinModeConfiguration.VerifyCabinDevice.CabinAccountNameInKeypadTest(VerifyCabinDevice.java:36)
at sun.reflect.NativeMethodAccessorImpl.invoke0(Native Method)
at sun.reflect.NativeMethodAccessorImpl.invoke(NativeMethodAccessorImpl.java:62)
at sun.reflect.DelegatingMethodAccessorImpl.invoke(DelegatingMethodAccessorImpl.java:43)
at java.lang.reflect.Method.invoke(Method.java:498)
at org.testng.internal.MethodInvocationHelper.invokeMethod(MethodInvocationHelper.java:132)
at org.testng.internal.TestInvoker.invokeMethod(TestInvoker.java:599)
at org.testng.internal.TestInvoker.invokeTestMethod(TestInvoker.java:174)
at org.testng.internal.MethodRunner.runInSequence(MethodRunner.java:46)
at org.testng.internal.TestInvoker$MethodInvocationAgent.invoke(TestInvoker.java:822)
at org.testng.internal.TestInvoker.invokeTestMethods(TestInvoker.java:147)
at org.testng.internal.TestMethodWorker.invokeTestMethods(TestMethodWorker.java:146)
at org.testng.internal.TestMethodWorker.run(TestMethodWorker.java:128)
at java.util.ArrayList.forEach(ArrayList.java:1259)
at org.testng.TestRunner.privateRun(TestRunner.java:764)
at org.testng.TestRunner.run(TestRunner.java:585)
at org.testng.SuiteRunner.runTest(SuiteRunner.java:384)
at org.testng.SuiteRunner.runSequentially(SuiteRunner.java:378)
at org.testng.SuiteRunner.privateRun(SuiteRunner.java:337)
at org.testng.SuiteRunner.run(SuiteRunner.java:286)
at org.testng.SuiteRunnerWorker.runSuite(SuiteRunnerWorker.java:53)
at org.testng.SuiteRunnerWorker.run(SuiteRunnerWorker.java:96)
at org.testng.TestNG.runSuitesSequentially(TestNG.java:1218)
at org.testng.TestNG.runSuitesLocally(TestNG.java:1140)
at org.testng.TestNG.runSuites(TestNG.java:1069)
at org.testng.TestNG.run(TestNG.java:1037)
at org.testng.remote.AbstractRemoteTestNG.run(AbstractRemoteTestNG.java:115)
at org.testng.remote.RemoteTestNG.initAndRun(RemoteTestNG.java:251)
at org.testng.remote.RemoteTestNG.main(RemoteTestNG.java:77)
]]>
            </full-stacktrace>
          </exception> <!-- java.lang.AssertionError -->
          <reporter-output>
          </reporter-output>
        </test-method> <!-- CabinAccountNameInKeypadTest -->
        <test-method status="PASS" signature="CabinAccountStatusShowingOnKeypadTest()[pri:2, instance:com.FalconTalk.CabinModeConfiguration.VerifyCabinDevice@6e4784bc]" name="CabinAccountStatusShowingOnKeypadTest" duration-ms="245" started-at="2021-10-27T17:11:15 BDT" finished-at="2021-10-27T17:11:15 BDT">
          <reporter-output>
          </reporter-output>
        </test-method> <!-- CabinAccountStatusShowingOnKeypadTest -->
        <test-method status="PASS" signature="tearDown()[pri:0, instance:com.FalconTalk.CabinModeConfiguration.VerifyCabinDevice@6e4784bc]" name="tearDown" is-config="true" duration-ms="534" started-at="2021-10-27T17:11:15 BDT" finished-at="2021-10-27T17:11:16 BDT">
          <reporter-output>
          </reporter-output>
        </test-method> <!-- tearDown -->
      </class> <!-- com.FalconTalk.CabinModeConfiguration.VerifyCabinDevice -->
    </test> <!-- Default test -->
  </suite> <!-- Default suite -->
</testng-results>
