<?xml version="1.0" encoding="UTF-8"?>
<!-- Generated by org.testng.reporters.JUnitReportReporter -->
<testsuite skipped="0" hostname="DESKTOP-VII0J20" name="com.FalconTalk.MessageModule.MessageModule_NonSecure" tests="11" failures="1" timestamp="2021-10-07T18:12:28 BDT" time="320.016" errors="0">
  <testcase name="CheckSecureStatusTest" time="20.817" classname="com.FalconTalk.MessageModule.MessageModule_NonSecure"/>
  <system-out/>
  <testcase name="SentNonSecureMessageTest" time="118.165" classname="com.FalconTalk.MessageModule.MessageModule_NonSecure"/>
  <system-out/>
  <testcase name="SecurityiConTest" time="0.185" classname="com.FalconTalk.MessageModule.MessageModule_NonSecure">
    <failure type="java.lang.AssertionError" message="Secure icon is still showing expected [false] but found [true]">
      <![CDATA[java.lang.AssertionError: Secure icon is still showing expected [false] but found [true]
at org.testng.Assert.fail(Assert.java:99)
at org.testng.Assert.failNotEquals(Assert.java:1037)
at org.testng.Assert.assertEqualsImpl(Assert.java:140)
at org.testng.Assert.assertEquals(Assert.java:122)
at org.testng.Assert.assertEquals(Assert.java:819)
at com.FalconTalk.MessageModule.MessageModule_NonSecure.SecurityiConTest(MessageModule_NonSecure.java:54)
at sun.reflect.NativeMethodAccessorImpl.invoke0(Native Method)
at sun.reflect.NativeMethodAccessorImpl.invoke(NativeMethodAccessorImpl.java:62)
at sun.reflect.DelegatingMethodAccessorImpl.invoke(DelegatingMethodAccessorImpl.java:43)
at java.lang.reflect.Method.invoke(Method.java:498)
at org.testng.internal.MethodInvocationHelper.invokeMethod(MethodInvocationHelper.java:132)
at org.testng.internal.TestInvoker.invokeMethod(TestInvoker.java:599)
at org.testng.internal.TestInvoker.invokeTestMethod(TestInvoker.java:174)
at org.testng.internal.MethodRunner.runInSequence(MethodRunner.java:46)
at org.testng.internal.TestInvoker$MethodInvocationAgent.invoke(TestInvoker.java:822)
at org.testng.internal.TestInvoker.invokeTestMethods(TestInvoker.java:147)
at org.testng.internal.TestMethodWorker.invokeTestMethods(TestMethodWorker.java:146)
at org.testng.internal.TestMethodWorker.run(TestMethodWorker.java:128)
at java.util.ArrayList.forEach(ArrayList.java:1259)
at org.testng.TestRunner.privateRun(TestRunner.java:764)
at org.testng.TestRunner.run(TestRunner.java:585)
at org.testng.SuiteRunner.runTest(SuiteRunner.java:384)
at org.testng.SuiteRunner.runSequentially(SuiteRunner.java:378)
at org.testng.SuiteRunner.privateRun(SuiteRunner.java:337)
at org.testng.SuiteRunner.run(SuiteRunner.java:286)
at org.testng.SuiteRunnerWorker.runSuite(SuiteRunnerWorker.java:53)
at org.testng.SuiteRunnerWorker.run(SuiteRunnerWorker.java:96)
at org.testng.TestNG.runSuitesSequentially(TestNG.java:1218)
at org.testng.TestNG.runSuitesLocally(TestNG.java:1140)
at org.testng.TestNG.runSuites(TestNG.java:1069)
at org.testng.TestNG.run(TestNG.java:1037)
at org.testng.remote.AbstractRemoteTestNG.run(AbstractRemoteTestNG.java:115)
at org.testng.remote.RemoteTestNG.initAndRun(RemoteTestNG.java:251)
at org.testng.remote.RemoteTestNG.main(RemoteTestNG.java:77)
]]>
    </failure>
  </testcase> <!-- SecurityiConTest -->
  <system-out/>
  <testcase name="SentPhoneNumberTest" time="3.055" classname="com.FalconTalk.MessageModule.MessageModule_NonSecure"/>
  <system-out/>
  <testcase name="SentEmailIdTest" time="3.113" classname="com.FalconTalk.MessageModule.MessageModule_NonSecure"/>
  <system-out/>
  <testcase name="SentWebURLTest" time="3.109" classname="com.FalconTalk.MessageModule.MessageModule_NonSecure"/>
  <system-out/>
  <testcase name="SentImageTest" time="7.981" classname="com.FalconTalk.MessageModule.MessageModule_NonSecure"/>
  <system-out/>
  <testcase name="TakeImageTest" time="17.498" classname="com.FalconTalk.MessageModule.MessageModule_NonSecure"/>
  <system-out/>
  <testcase name="DeleteMessageTest" time="12.968" classname="com.FalconTalk.MessageModule.MessageModule_NonSecure"/>
  <system-out/>
  <testcase name="DeleteMessageThreadTest" time="5.773" classname="com.FalconTalk.MessageModule.MessageModule_NonSecure"/>
  <system-out/>
  <testcase name="DeleteMessages" time="127.352" classname="com.FalconTalk.MessageModule.MessageModule_NonSecure"/>
  <system-out/>
</testsuite> <!-- com.FalconTalk.MessageModule.MessageModule_NonSecure -->
