<?xml version="1.0" encoding="UTF-8"?>
<!-- Generated by org.testng.reporters.JUnitXMLReporter -->
<testsuite hostname="DESKTOP-VII0J20" ignored="0" name="Test" tests="13" failures="1" timestamp="2021-09-11T17:27:36 BDT" time="100.205" errors="0">
  <testcase name="HoneywellAccountNumberButtonTest" time="1.33" classname="com.FalconTalk.HoneywellAccount.HoneywellAccount"/>
  <testcase name="CancelButtonLoginPageTest" time="0.834" classname="com.FalconTalk.HoneywellAccount.HoneywellAccount"/>
  <testcase name="EmptyFieldValidationTest" time="7.16" classname="com.FalconTalk.HoneywellAccount.HoneywellAccount"/>
  <testcase name="VerifyTheAuthenticationTest" time="9.781" classname="com.FalconTalk.HoneywellAccount.HoneywellAccount"/>
  <testcase name="DomainTest" time="23.651" classname="com.FalconTalk.HoneywellAccount.HoneywellAccount"/>
  <testcase name="AccountInfoTest" time="0.969" classname="com.FalconTalk.HoneywellAccount.HoneywellAccount"/>
  <testcase name="EmailOnNavDrawerTest" time="2.37" classname="com.FalconTalk.HoneywellAccount.HoneywellAccount"/>
  <testcase name="ReSyncHoneywellAccountTest" time="6.959" classname="com.FalconTalk.HoneywellAccount.HoneywellAccount"/>
  <testcase name="AccountNameOnKeypadTest" time="0.588" classname="com.FalconTalk.HoneywellAccount.HoneywellAccount"/>
  <testcase name="AccountRegisterdTest" time="0.163" classname="com.FalconTalk.HoneywellAccount.HoneywellAccount"/>
  <testcase name="ChangePasswordTest" time="21.692" classname="com.FalconTalk.HoneywellAccount.HoneywellAccount">
    <failure type="org.openqa.selenium.NoSuchElementException" message="Can&amp;apos;t locate an element by this strategy: By.chained({By.id: com.dassault.HONfalcontalk:id/nav_drawer_change_password_label})">
      <![CDATA[org.openqa.selenium.NoSuchElementException: Can't locate an element by this strategy: By.chained({By.id: com.dassault.HONfalcontalk:id/nav_drawer_change_password_label})
at io.appium.java_client.pagefactory.AppiumElementLocator.findElement(AppiumElementLocator.java:126)
at io.appium.java_client.pagefactory.interceptors.InterceptorOfASingleElement.intercept(InterceptorOfASingleElement.java:59)
at io.appium.java_client.android.AndroidElement$$EnhancerByCGLIB$$b598166c.click(<generated>)
at com.FalconTalk.PageActions.HoneywellAccountPage.ChangePassword(HoneywellAccountPage.java:125)
at com.FalconTalk.HoneywellAccount.HoneywellAccount.ChangePasswordTest(HoneywellAccount.java:144)
at java.util.ArrayList.forEach(ArrayList.java:1259)
Caused by: org.openqa.selenium.TimeoutException: Expected condition failed: waiting for io.appium.java_client.pagefactory.AppiumElementLocator$WaitingFunction@22df874e (tried for 1 second(s) with 500 milliseconds interval)
at org.openqa.selenium.support.ui.FluentWait.timeoutException(FluentWait.java:304)
at org.openqa.selenium.support.ui.FluentWait.until(FluentWait.java:272)
at io.appium.java_client.pagefactory.AppiumElementLocator.waitFor(AppiumElementLocator.java:99)
at io.appium.java_client.pagefactory.AppiumElementLocator.findElement(AppiumElementLocator.java:119)
... 32 more
Caused by: org.openqa.selenium.NoSuchElementException: Cannot locate an element using By.chained({By.id: com.dassault.HONfalcontalk:id/nav_drawer_change_password_label})
For documentation on this error, please visit: https://www.seleniumhq.org/exceptions/no_such_element.html
Build info: version: '3.141.59', revision: 'e82be7d358', time: '2018-11-14T08:17:03'
System info: host: 'DESKTOP-VII0J20', ip: '169.254.250.149', os.name: 'Windows 10', os.arch: 'amd64', os.version: '10.0', java.version: '1.8.0_281'
Driver info: driver.version: AndroidDriver
at io.appium.java_client.pagefactory.bys.builder.ByChained.findElement(ByChained.java:74)
at org.openqa.selenium.remote.RemoteWebDriver.findElement(RemoteWebDriver.java:315)
at io.appium.java_client.DefaultGenericMobileDriver.findElement(DefaultGenericMobileDriver.java:57)
at io.appium.java_client.AppiumDriver.findElement(AppiumDriver.java:1)
at io.appium.java_client.android.AndroidDriver.findElement(AndroidDriver.java:1)
at io.appium.java_client.pagefactory.bys.ContentMappedBy.findElement(ContentMappedBy.java:50)
at org.openqa.selenium.remote.RemoteWebDriver.findElement(RemoteWebDriver.java:315)
at io.appium.java_client.DefaultGenericMobileDriver.findElement(DefaultGenericMobileDriver.java:57)
at io.appium.java_client.AppiumDriver.findElement(AppiumDriver.java:1)
at io.appium.java_client.android.AndroidDriver.findElement(AndroidDriver.java:1)
at io.appium.java_client.pagefactory.AppiumElementLocator.lambda$0(AppiumElementLocator.java:120)
at io.appium.java_client.pagefactory.AppiumElementLocator$WaitingFunction.apply(AppiumElementLocator.java:172)
at io.appium.java_client.pagefactory.AppiumElementLocator$WaitingFunction.apply(AppiumElementLocator.java:1)
at org.openqa.selenium.support.ui.FluentWait.until(FluentWait.java:249)
... 34 more
... Removed 27 stack frames]]>
    </failure>
  </testcase> <!-- ChangePasswordTest -->
  <testcase name="SignOutReplaceSignInTest" time="5.946" classname="com.FalconTalk.HoneywellAccount.HoneywellAccount"/>
  <testcase name="SignInButtonTest" time="0.778" classname="com.FalconTalk.HoneywellAccount.HoneywellAccount"/>
</testsuite> <!-- Test -->
